Release 14.6 - xst P.68d (nt64)
Copyright (c) 1995-2013 Xilinx, Inc.  All rights reserved.
--> Parameter TMPDIR set to xst/projnav.tmp


Total REAL time to Xst completion: 0.00 secs
Total CPU time to Xst completion: 0.11 secs
 
--> Parameter xsthdpdir set to xst


Total REAL time to Xst completion: 0.00 secs
Total CPU time to Xst completion: 0.11 secs
 
--> Reading design: game.prj

TABLE OF CONTENTS
  1) Synthesis Options Summary
  2) HDL Parsing
  3) HDL Elaboration
  4) HDL Synthesis
       4.1) HDL Synthesis Report
  5) Advanced HDL Synthesis
       5.1) Advanced HDL Synthesis Report
  6) Low Level Synthesis
  7) Partition Report
  8) Design Summary
       8.1) Primitive and Black Box Usage
       8.2) Device utilization summary
       8.3) Partition Resource Summary
       8.4) Timing Report
            8.4.1) Clock Information
            8.4.2) Asynchronous Control Signals Information
            8.4.3) Timing Summary
            8.4.4) Timing Details
            8.4.5) Cross Clock Domains Report


=========================================================================
*                      Synthesis Options Summary                        *
=========================================================================
---- Source Parameters
Input File Name                    : "game.prj"
Ignore Synthesis Constraint File   : NO

---- Target Parameters
Output File Name                   : "game"
Output Format                      : NGC
Target Device                      : xc6slx16-3-csg324

---- Source Options
Top Module Name                    : game
Automatic FSM Extraction           : YES
FSM Encoding Algorithm             : Auto
Safe Implementation                : No
FSM Style                          : LUT
RAM Extraction                     : Yes
RAM Style                          : Auto
ROM Extraction                     : Yes
Shift Register Extraction          : YES
ROM Style                          : Auto
Resource Sharing                   : YES
Asynchronous To Synchronous        : NO
Shift Register Minimum Size        : 2
Use DSP Block                      : Auto
Automatic Register Balancing       : No

---- Target Options
LUT Combining                      : Auto
Reduce Control Sets                : Auto
Add IO Buffers                     : YES
Global Maximum Fanout              : 100000
Add Generic Clock Buffer(BUFG)     : 16
Register Duplication               : YES
Optimize Instantiated Primitives   : NO
Use Clock Enable                   : Auto
Use Synchronous Set                : Auto
Use Synchronous Reset              : Auto
Pack IO Registers into IOBs        : Auto
Equivalent register Removal        : YES

---- General Options
Optimization Goal                  : Speed
Optimization Effort                : 1
Power Reduction                    : NO
Keep Hierarchy                     : No
Netlist Hierarchy                  : As_Optimized
RTL Output                         : Yes
Global Optimization                : AllClockNets
Read Cores                         : YES
Write Timing Constraints           : NO
Cross Clock Analysis               : NO
Hierarchy Separator                : /
Bus Delimiter                      : <>
Case Specifier                     : Maintain
Slice Utilization Ratio            : 100
BRAM Utilization Ratio             : 100
DSP48 Utilization Ratio            : 100
Auto BRAM Packing                  : NO
Slice Utilization Ratio Delta      : 5

=========================================================================


=========================================================================
*                          HDL Parsing                                  *
=========================================================================
Analyzing Verilog file "C:\Users\152\Desktop\AirHockey\AirHockey\vga_sync.v" into library work
Parsing module <vga_sync>.
Analyzing Verilog file "C:\Users\152\Desktop\AirHockey\AirHockey\game.v" into library work
Parsing module <game>.

=========================================================================
*                            HDL Elaboration                            *
=========================================================================

Elaborating module <game>.

Elaborating module <vga_sync>.
WARNING:HDLCompiler:413 - "C:\Users\152\Desktop\AirHockey\AirHockey\vga_sync.v" Line 47: Result of 11-bit expression is truncated to fit in 10-bit target.
WARNING:HDLCompiler:413 - "C:\Users\152\Desktop\AirHockey\AirHockey\vga_sync.v" Line 51: Result of 11-bit expression is truncated to fit in 10-bit target.
WARNING:HDLCompiler:189 - "C:\Users\152\Desktop\AirHockey\AirHockey\game.v" Line 37: Size mismatch in connection of port <vgaRed>. Formal port size is 1-bit while actual signal size is 3-bit.
WARNING:HDLCompiler:189 - "C:\Users\152\Desktop\AirHockey\AirHockey\game.v" Line 38: Size mismatch in connection of port <vgaGreen>. Formal port size is 1-bit while actual signal size is 3-bit.
WARNING:HDLCompiler:189 - "C:\Users\152\Desktop\AirHockey\AirHockey\game.v" Line 39: Size mismatch in connection of port <vgaBlue>. Formal port size is 1-bit while actual signal size is 2-bit.

=========================================================================
*                           HDL Synthesis                               *
=========================================================================

Synthesizing Unit <game>.
    Related source file is "C:\Users\152\Desktop\AirHockey\AirHockey\game.v".
    Summary:
	no macro.
Unit <game> synthesized.

Synthesizing Unit <vga_sync>.
    Related source file is "C:\Users\152\Desktop\AirHockey\AirHockey\vga_sync.v".
    Found 10-bit register for signal <CounterY>.
    Found 1-bit register for signal <vga_HS>.
    Found 1-bit register for signal <vga_VS>.
    Found 10-bit register for signal <CounterX>.
    Found 10-bit adder for signal <CounterX[9]_GND_2_o_add_2_OUT> created at line 47.
    Found 10-bit adder for signal <CounterY[9]_GND_2_o_add_6_OUT> created at line 51.
    Summary:
	inferred   2 Adder/Subtractor(s).
	inferred  22 D-type flip-flop(s).
Unit <vga_sync> synthesized.

=========================================================================
HDL Synthesis Report

Macro Statistics
# Adders/Subtractors                                   : 2
 10-bit adder                                          : 2
# Registers                                            : 4
 1-bit register                                        : 2
 10-bit register                                       : 2
# Xors                                                 : 1
 1-bit xor2                                            : 1

=========================================================================

=========================================================================
*                       Advanced HDL Synthesis                          *
=========================================================================


Synthesizing (advanced) Unit <vga_sync>.
The following registers are absorbed into counter <CounterY>: 1 register on signal <CounterY>.
The following registers are absorbed into counter <CounterX>: 1 register on signal <CounterX>.
Unit <vga_sync> synthesized (advanced).

=========================================================================
Advanced HDL Synthesis Report

Macro Statistics
# Counters                                             : 2
 10-bit up counter                                     : 2
# Registers                                            : 2
 Flip-Flops                                            : 2
# Xors                                                 : 1
 1-bit xor2                                            : 1

=========================================================================

=========================================================================
*                         Low Level Synthesis                           *
=========================================================================

Optimizing unit <game> ...

Optimizing unit <vga_sync> ...

Mapping all equations...
Building and optimizing final netlist ...
Found area constraint ratio of 100 (+ 5) on block game, actual ratio is 0.

Final Macro Processing ...

=========================================================================
Final Register Report

Macro Statistics
# Registers                                            : 22
 Flip-Flops                                            : 22

=========================================================================

=========================================================================
*                           Partition Report                            *
=========================================================================

Partition Implementation Status
-------------------------------

  No Partitions were found in this design.

-------------------------------

=========================================================================
*                            Design Summary                             *
=========================================================================

Top Level Output File Name         : game.ngc

Primitive and Black Box Usage:
------------------------------
# BELS                             : 94
#      GND                         : 1
#      INV                         : 4
#      LUT1                        : 18
#      LUT2                        : 13
#      LUT3                        : 10
#      LUT5                        : 4
#      LUT6                        : 5
#      MUXCY                       : 18
#      VCC                         : 1
#      XORCY                       : 20
# FlipFlops/Latches                : 22
#      FD                          : 12
#      FDE                         : 10
# Clock Buffers                    : 1
#      BUFGP                       : 1
# IO Buffers                       : 10
#      OBUF                        : 10

Device utilization summary:
---------------------------

Selected Device : 6slx16csg324-3 


Slice Logic Utilization: 
 Number of Slice Registers:              22  out of  18224     0%  
 Number of Slice LUTs:                   54  out of   9112     0%  
    Number used as Logic:                54  out of   9112     0%  

Slice Logic Distribution: 
 Number of LUT Flip Flop pairs used:     54
   Number with an unused Flip Flop:      32  out of     54    59%  
   Number with an unused LUT:             0  out of     54     0%  
   Number of fully used LUT-FF pairs:    22  out of     54    40%  
   Number of unique control sets:         3

IO Utilization: 
 Number of IOs:                          11
 Number of bonded IOBs:                  11  out of    232     4%  

Specific Feature Utilization:
 Number of BUFG/BUFGCTRLs:                1  out of     16     6%  

---------------------------
Partition Resource Summary:
---------------------------

  No Partitions were found in this design.

---------------------------


=========================================================================
Timing Report

NOTE: THESE TIMING NUMBERS ARE ONLY A SYNTHESIS ESTIMATE.
      FOR ACCURATE TIMING INFORMATION PLEASE REFER TO THE TRACE REPORT
      GENERATED AFTER PLACE-and-ROUTE.

Clock Information:
------------------
-----------------------------------+------------------------+-------+
Clock Signal                       | Clock buffer(FF name)  | Load  |
-----------------------------------+------------------------+-------+
clk                                | BUFGP                  | 22    |
-----------------------------------+------------------------+-------+

Asynchronous Control Signals Information:
----------------------------------------
No asynchronous control signals found in this design

Timing Summary:
---------------
Speed Grade: -3

   Minimum period: 3.897ns (Maximum Frequency: 256.575MHz)
   Minimum input arrival time before clock: No path found
   Maximum output required time after clock: 6.664ns
   Maximum combinational path delay: No path found

Timing Details:
---------------
All values displayed in nanoseconds (ns)

=========================================================================
Timing constraint: Default period analysis for Clock 'clk'
  Clock period: 3.897ns (frequency: 256.575MHz)
  Total number of paths / destination ports: 336 / 32
-------------------------------------------------------------------------
Delay:               3.897ns (Levels of Logic = 3)
  Source:            vga_module/CounterX_2 (FF)
  Destination:       vga_module/CounterX_9 (FF)
  Source Clock:      clk rising
  Destination Clock: clk rising

  Data Path: vga_module/CounterX_2 to vga_module/CounterX_9
                                Gate     Net
    Cell:in->out      fanout   Delay   Delay  Logical Name (Net Name)
    ----------------------------------------  ------------
     FD:C->Q               3   0.447   0.995  vga_module/CounterX_2 (vga_module/CounterX_2)
     LUT5:I0->O           11   0.203   0.883  vga_module/CounterXmaxed<9>_SW0 (N6)
     LUT6:I5->O           10   0.205   0.857  vga_module/CounterXmaxed<9> (vga_module/CounterXmaxed)
     LUT2:I1->O            1   0.205   0.000  vga_module/CounterX_9_rstpot (vga_module/CounterX_9_rstpot)
     FD:D                      0.102          vga_module/CounterX_9
    ----------------------------------------
    Total                      3.897ns (1.162ns logic, 2.735ns route)
                                       (29.8% logic, 70.2% route)

=========================================================================
Timing constraint: Default OFFSET OUT AFTER for Clock 'clk'
  Total number of paths / destination ports: 36 / 5
-------------------------------------------------------------------------
Offset:              6.664ns (Levels of Logic = 4)
  Source:            vga_module/CounterX_2 (FF)
  Destination:       vgaGreen<0> (PAD)
  Source Clock:      clk rising

  Data Path: vga_module/CounterX_2 to vgaGreen<0>
                                Gate     Net
    Cell:in->out      fanout   Delay   Delay  Logical Name (Net Name)
    ----------------------------------------  ------------
     FD:C->Q               3   0.447   0.995  vga_module/CounterX_2 (vga_module/CounterX_2)
     LUT5:I0->O            1   0.203   0.580  vga_module/GND_2_o_GND_2_o_equal_13_o<9>_SW0 (N2)
     LUT6:I5->O            3   0.205   0.879  vga_module/GND_2_o_GND_2_o_equal_13_o<9> (vga_module/GND_2_o_GND_2_o_equal_13_o)
     LUT3:I0->O            1   0.205   0.579  vga_module/vgaGreen1 (vgaGreen_0_OBUF)
     OBUF:I->O                 2.571          vgaGreen_0_OBUF (vgaGreen<0>)
    ----------------------------------------
    Total                      6.664ns (3.631ns logic, 3.033ns route)
                                       (54.5% logic, 45.5% route)

=========================================================================

Cross Clock Domains Report:
--------------------------

Clock to Setup on destination clock clk
---------------+---------+---------+---------+---------+
               | Src:Rise| Src:Fall| Src:Rise| Src:Fall|
Source Clock   |Dest:Rise|Dest:Rise|Dest:Fall|Dest:Fall|
---------------+---------+---------+---------+---------+
clk            |    3.897|         |         |         |
---------------+---------+---------+---------+---------+

=========================================================================


Total REAL time to Xst completion: 6.00 secs
Total CPU time to Xst completion: 6.21 secs
 
--> 

Total memory usage is 257156 kilobytes

Number of errors   :    0 (   0 filtered)
Number of warnings :    5 (   0 filtered)
Number of infos    :    0 (   0 filtered)

